e:\code\cpp\hitbox\hitbox\x64\release\vc143.pdb
e:\code\cpp\hitbox\hitbox\x64\release\services.obj
e:\code\cpp\hitbox\hitbox\x64\release\searcher.obj
e:\code\cpp\hitbox\hitbox\x64\release\memory.obj
e:\code\cpp\hitbox\hitbox\x64\release\mappers.obj
e:\code\cpp\hitbox\hitbox\x64\release\imgui_widgets.obj
e:\code\cpp\hitbox\hitbox\x64\release\imgui_tables.obj
e:\code\cpp\hitbox\hitbox\x64\release\imgui_impl_win32.obj
e:\code\cpp\hitbox\hitbox\x64\release\imgui_impl_dx11.obj
e:\code\cpp\hitbox\hitbox\x64\release\imgui_draw.obj
e:\code\cpp\hitbox\hitbox\x64\release\imgui.obj
e:\code\cpp\hitbox\hitbox\x64\release\graphics.obj
e:\code\cpp\hitbox\hitbox\x64\release\entry.obj
e:\code\cpp\hitbox\hitbox\x64\release\draws.obj
e:\code\cpp\hitbox\hitbox\x64\release\dllmain.obj
e:\code\cpp\hitbox\hitbox\x64\release\control.obj
e:\code\cpp\hitbox\x64\release\hitbox.lib
e:\code\cpp\hitbox\x64\release\hitbox.exp
e:\code\cpp\hitbox\x64\release\hitbox.dll
e:\code\cpp\hitbox\hitbox\x64\release\hitbox.ipdb
e:\code\cpp\hitbox\x64\release\hitbox.pdb
e:\code\cpp\hitbox\hitbox\x64\release\hitbox.iobj
e:\code\cpp\hitbox\hitbox\x64\release\hitbox.tlog\cl.command.1.tlog
e:\code\cpp\hitbox\hitbox\x64\release\hitbox.tlog\cl.items.tlog
e:\code\cpp\hitbox\hitbox\x64\release\hitbox.tlog\cl.read.1.tlog
e:\code\cpp\hitbox\hitbox\x64\release\hitbox.tlog\cl.write.1.tlog
e:\code\cpp\hitbox\hitbox\x64\release\hitbox.tlog\link.command.1.tlog
e:\code\cpp\hitbox\hitbox\x64\release\hitbox.tlog\link.read.1.tlog
e:\code\cpp\hitbox\hitbox\x64\release\hitbox.tlog\link.write.1.tlog
e:\code\cpp\hitbox\hitbox\x64\release\hitbox.tlog\link.write.2u.tlog
