  control.cpp
  dllmain.cpp
  draws.cpp
  entry.cpp
  graphics.cpp
  imgui.cpp
  imgui_draw.cpp
  imgui_impl_dx11.cpp
  imgui_impl_win32.cpp
  imgui_tables.cpp
  imgui_widgets.cpp
  mappers.cpp
  memory.cpp
  searcher.cpp
  services.cpp
    正在创建库 E:\code\cpp\hitbox\x64\Release\hitbox.lib 和对象 E:\code\cpp\hitbox\x64\Release\hitbox.exp
  正在生成代码
  Previous IPDB not found, fall back to full compilation.
  All 1556 functions were compiled because no usable IPDB/IOBJ from previous compilation was found.
  已完成代码的生成
  hitbox.vcxproj -> E:\code\cpp\hitbox\x64\Release\hitbox.dll
