e:\code\cpp\hitbox\hitbox\x64\debug\vc143.pdb
e:\code\cpp\hitbox\hitbox\x64\debug\vc143.idb
e:\code\cpp\hitbox\hitbox\x64\debug\services.obj
e:\code\cpp\hitbox\hitbox\x64\debug\searcher.obj
e:\code\cpp\hitbox\hitbox\x64\debug\memory.obj
e:\code\cpp\hitbox\hitbox\x64\debug\mappers.obj
e:\code\cpp\hitbox\hitbox\x64\debug\imgui_widgets.obj
e:\code\cpp\hitbox\hitbox\x64\debug\imgui_tables.obj
e:\code\cpp\hitbox\hitbox\x64\debug\imgui_impl_win32.obj
e:\code\cpp\hitbox\hitbox\x64\debug\imgui_impl_dx11.obj
e:\code\cpp\hitbox\hitbox\x64\debug\imgui_draw.obj
e:\code\cpp\hitbox\hitbox\x64\debug\imgui.obj
e:\code\cpp\hitbox\hitbox\x64\debug\graphics.obj
e:\code\cpp\hitbox\hitbox\x64\debug\entry.obj
e:\code\cpp\hitbox\hitbox\x64\debug\draws.obj
e:\code\cpp\hitbox\hitbox\x64\debug\dllmain.obj
e:\code\cpp\hitbox\hitbox\x64\debug\control.obj
e:\code\cpp\hitbox\hitbox\x64\debug\hitbox.ilk
e:\code\cpp\hitbox\x64\debug\hitbox.dll
e:\code\cpp\hitbox\x64\debug\hitbox.pdb
e:\code\cpp\hitbox\x64\debug\hitbox.lib
e:\code\cpp\hitbox\x64\debug\hitbox.exp
e:\code\cpp\hitbox\hitbox\x64\debug\hitbox.tlog\cl.command.1.tlog
e:\code\cpp\hitbox\hitbox\x64\debug\hitbox.tlog\cl.items.tlog
e:\code\cpp\hitbox\hitbox\x64\debug\hitbox.tlog\cl.read.1.tlog
e:\code\cpp\hitbox\hitbox\x64\debug\hitbox.tlog\cl.write.1.tlog
e:\code\cpp\hitbox\hitbox\x64\debug\hitbox.tlog\link.command.1.tlog
e:\code\cpp\hitbox\hitbox\x64\debug\hitbox.tlog\link.read.1.tlog
e:\code\cpp\hitbox\hitbox\x64\debug\hitbox.tlog\link.write.1.tlog
e:\code\cpp\hitbox\hitbox\x64\debug\hitbox.tlog\link.write.2u.tlog
